<?xml version="1.0" encoding="UTF-8"?>
<!-- Generated by org.testng.reporters.JUnitReportReporter -->
<testsuite hostname="DESKTOP-0OUURVQ" failures="0" tests="1" name="com.vtiger.genericlib.DataproviderMultipleData" time="0.000" errors="0" timestamp="2023-12-29T22:21:01 GMT-08:00" skipped="1">
  <testcase classname="com.vtiger.genericlib.DataproviderMultipleData" name="m1" time="0.000">
    <skipped/>
  </testcase> <!-- m1 -->
  <system-out/>
</testsuite> <!-- com.vtiger.genericlib.DataproviderMultipleData -->
